<?xml version="1.0" encoding="UTF-8"?>
<testng-results ignored="0" total="1" passed="1" failed="0" skipped="0">
  <reporter-output>
  </reporter-output>
  <suite started-at="2022-08-06T18:34:11 IST" name="Default suite" finished-at="2022-08-06T18:34:47 IST" duration-ms="35593">
    <groups>
    </groups>
    <test started-at="2022-08-06T18:34:11 IST" name="Default test" finished-at="2022-08-06T18:34:47 IST" duration-ms="35593">
      <class name="DDF_POM_TESTNG_BASE_UTILITY_CLASS.KiteLoginTest">
        <test-method is-config="true" signature="BrowserOpen()[pri:0, instance:DDF_POM_TESTNG_BASE_UTILITY_CLASS.KiteLoginTest@c33b74f]" started-at="2022-08-06T18:34:11 IST" name="BrowserOpen" finished-at="2022-08-06T18:34:32 IST" duration-ms="20514" status="PASS">
          <reporter-output>
          </reporter-output>
        </test-method> <!-- BrowserOpen -->
        <test-method is-config="true" signature="Login()[pri:0, instance:DDF_POM_TESTNG_BASE_UTILITY_CLASS.KiteLoginTest@c33b74f]" started-at="2022-08-06T18:34:32 IST" name="Login" finished-at="2022-08-06T18:34:42 IST" duration-ms="10181" status="PASS">
          <reporter-output>
          </reporter-output>
        </test-method> <!-- Login -->
        <test-method signature="Test()[pri:0, instance:DDF_POM_TESTNG_BASE_UTILITY_CLASS.KiteLoginTest@c33b74f]" started-at="2022-08-06T18:34:42 IST" name="Test" finished-at="2022-08-06T18:34:44 IST" duration-ms="1927" status="PASS">
          <reporter-output>
          </reporter-output>
        </test-method> <!-- Test -->
        <test-method is-config="true" signature="Logout(org.testng.ITestResult)[pri:0, instance:DDF_POM_TESTNG_BASE_UTILITY_CLASS.KiteLoginTest@c33b74f]" started-at="2022-08-06T18:34:44 IST" name="Logout" finished-at="2022-08-06T18:34:45 IST" duration-ms="1495" status="PASS">
          <params>
            <param index="0">
              <value>
                <![CDATA[[TestResult name=Test status=SUCCESS method=KiteLoginTest.Test()[pri:0, instance:DDF_POM_TESTNG_BASE_UTILITY_CLASS.KiteLoginTest@c33b74f] output={null}]]]>
              </value>
            </param>
          </params>
          <reporter-output>
          </reporter-output>
        </test-method> <!-- Logout -->
        <test-method is-config="true" signature="CloseBrowser()[pri:0, instance:DDF_POM_TESTNG_BASE_UTILITY_CLASS.KiteLoginTest@c33b74f]" started-at="2022-08-06T18:34:45 IST" name="CloseBrowser" finished-at="2022-08-06T18:34:47 IST" duration-ms="1422" status="PASS">
          <reporter-output>
          </reporter-output>
        </test-method> <!-- CloseBrowser -->
      </class> <!-- DDF_POM_TESTNG_BASE_UTILITY_CLASS.KiteLoginTest -->
    </test> <!-- Default test -->
  </suite> <!-- Default suite -->
</testng-results>
