<?xml version="1.0" encoding="UTF-8"?>
<!-- Generated by org.testng.reporters.JUnitXMLReporter -->
<testsuite ignored="2" hostname="DESKTOP-V005S70" failures="0" tests="2" name="Test(failed)(failed)" time="0.079" errors="0" timestamp="2022-07-31T23:56:04 IST">
  <testcase classname="testNG.Sample2" name="TC5" time="0.014"/>
  <testcase classname="testNG.Sample2" name="TC6" time="0.006"/>
  <testcase classname="testNG.Sample2" name="TC7" time="0.0">
    <ignored/>
  </testcase> <!-- TC7 -->
  <testcase classname="testNG.Sample2" name="TC4" time="0.0">
    <ignored/>
  </testcase> <!-- TC4 -->
</testsuite> <!-- Test(failed)(failed) -->
