<?xml version="1.0" encoding="UTF-8"?>
<!-- Generated by org.testng.reporters.JUnitXMLReporter -->
<testsuite ignored="5" hostname="DESKTOP-V005S70" failures="0" tests="2" name="Group" time="0.078" errors="0" timestamp="2022-08-01T00:09:59 IST">
  <testcase classname="testNG.TestNG_Group" name="TC5" time="0.015"/>
  <testcase classname="testNG.TestNG_Group" name="TC7" time="0.004"/>
  <testcase classname="testNG.TestNG_Group" name="TC2" time="0.0">
    <ignored/>
  </testcase> <!-- TC2 -->
  <testcase classname="testNG.TestNG_Group" name="TC4" time="0.0">
    <ignored/>
  </testcase> <!-- TC4 -->
  <testcase classname="testNG.TestNG_Group" name="TC1" time="0.0">
    <ignored/>
  </testcase> <!-- TC1 -->
  <testcase classname="testNG.TestNG_Group" name="TC6" time="0.0">
    <ignored/>
  </testcase> <!-- TC6 -->
  <testcase classname="testNG.TestNG_Group" name="TC3" time="0.0">
    <ignored/>
  </testcase> <!-- TC3 -->
</testsuite> <!-- Group -->
